{
  "RSpec": {
    "coverage": {
      "/Users/Mac/repositories/acts_as_commentable_more/test/dummy/app/models/comment.rb": [
        1,
        null,
        null,
        1,
        1,
        null,
        1,
        null
      ],
      "/Users/Mac/repositories/acts_as_commentable_more/test/dummy/spec/models/admin_spec.rb": [
        1,
        null,
        1,
        1,
        null
      ],
      "/Users/Mac/repositories/acts_as_commentable_more/test/dummy/app/models/admin.rb": [
        1,
        null
      ],
      "/Users/Mac/repositories/acts_as_commentable_more/test/dummy/spec/models/comment_spec.rb": [
        1,
        null,
        1,
        null,
        1,
        1,
        1,
        2,
        null,
        1,
        1,
        1,
        12,
        2,
        null,
        1,
        null,
        1,
        1,
        1,
        1,
        1,
        1,
        1,
        1,
        null,
        null,
        null,
        null,
        null,
        null,
        null,
        null,
        null,
        null,
        null,
        null,
        null,
        null,
        null,
        null,
        null,
        null,
        null,
        null,
        null
      ],
      "/Users/Mac/repositories/acts_as_commentable_more/test/dummy/spec/models/custom_comment_spec.rb": [
        1,
        null,
        1,
        null,
        1,
        1,
        1,
        2,
        null,
        1,
        1,
        1,
        12,
        2,
        null,
        1,
        null,
        1,
        1,
        1,
        1,
        1,
        1,
        1,
        1,
        null,
        null,
        null,
        null
      ],
      "/Users/Mac/repositories/acts_as_commentable_more/test/dummy/app/models/custom_comment.rb": [
        1,
        1,
        1,
        null,
        1,
        null
      ],
      "/Users/Mac/repositories/acts_as_commentable_more/test/dummy/spec/models/note_spec.rb": [
        1,
        null,
        1,
        1,
        1,
        1,
        6,
        4,
        1,
        null,
        1,
        1,
        2,
        null,
        1,
        1,
        6,
        4,
        1,
        1,
        null,
        1,
        1,
        1,
        1,
        1,
        1,
        null,
        null,
        null
      ],
      "/Users/Mac/repositories/acts_as_commentable_more/test/dummy/app/models/note.rb": [
        1,
        1,
        null
      ],
      "/Users/Mac/repositories/acts_as_commentable_more/test/dummy/spec/models/post_spec.rb": [
        1,
        null,
        1,
        1,
        null
      ],
      "/Users/Mac/repositories/acts_as_commentable_more/test/dummy/app/models/post.rb": [
        1,
        1,
        null,
        null,
        null
      ],
      "/Users/Mac/repositories/acts_as_commentable_more/test/dummy/spec/models/topic_spec.rb": [
        1,
        null,
        1,
        1,
        null
      ],
      "/Users/Mac/repositories/acts_as_commentable_more/test/dummy/app/models/topic.rb": [
        1,
        1,
        null
      ],
      "/Users/Mac/repositories/acts_as_commentable_more/test/dummy/spec/models/user_spec.rb": [
        1,
        null,
        1,
        1,
        null
      ],
      "/Users/Mac/repositories/acts_as_commentable_more/test/dummy/app/models/user.rb": [
        1,
        null
      ]
    },
    "timestamp": 1421143806
  }
}
